[0;33m警告: 未找到虚拟环境，使用系统Python[0m
[0;31m错误: Python爬虫服务启动失败[0m
[0;33m警告: 未找到虚拟环境，使用系统Python[0m
[0;31m错误: Java项目编译失败[0m
[0;33m警告: 未找到虚拟环境，使用系统Python[0m
[0;31m错误: Vue前端服务启动失败[0m
[0;33m警告: 未找到虚拟环境，使用系统Python[0m
[0;31m错误: Python爬虫服务未运行[0m
[0;31m错误: Java后端服务未运行[0m
[0;31m错误: Vue前端服务未运行[0m
[0;31m警告: 仍有Python爬虫进程在运行[0m
[0;31m警告: 仍有Java后端进程在运行[0m
[0;31m警告: 仍有Vue前端进程在运行[0m
[0;33m警告: 有进程仍在监听Python服务端口[0m
[0;33m警告: 有进程仍在监听Java服务端口[0m
[0;33m警告: 未找到虚拟环境，使用系统Python[0m
[0;31m错误: Python爬虫服务未运行[0m
[0;31m错误: Java后端服务未运行[0m
[0;31m错误: Vue前端服务未运行[0m
[0;33m警告: 未找到虚拟环境，使用系统Python[0m
[0;33m警告: 未找到虚拟环境，使用系统Python[0m
[0;33m警告: 未找到虚拟环境，使用系统Python[0m
[0;33m警告: 未找到虚拟环境，使用系统Python[0m
[0;33m警告: 未找到虚拟环境，使用系统Python[0m
