
  .   ____          _            __ _ _
 /\\ / ___'_ __ _ _(_)_ __  __ _ \ \ \ \
( ( )\___ | '_ | '_| | '_ \/ _` | \ \ \ \
 \\/  ___)| |_)| | | | | || (_| |  ) ) ) )
  '  |____| .__|_| |_|_| |_\__, | / / / /
 =========|_|==============|___/=/_/_/_/

 :: Spring Boot ::                (v3.4.3)

2025-05-28T02:57:13.517+08:00  INFO 65307 --- [demo2] [           main] com.example.demo.Demo2Application        : Starting Demo2Application v0.0.1-SNAPSHOT using Java 23.0.2 with PID 65307 (/Users/lifulin/Desktop/demo2/target/demo2-0.0.1-SNAPSHOT.jar started by lifulin in /Users/lifulin/Desktop/demo2)
2025-05-28T02:57:13.520+08:00  INFO 65307 --- [demo2] [           main] com.example.demo.Demo2Application        : No active profile set, falling back to 1 default profile: "default"
2025-05-28T02:57:14.799+08:00  INFO 65307 --- [demo2] [           main] o.s.b.w.embedded.tomcat.TomcatWebServer  : Tomcat initialized with port 8080 (http)
2025-05-28T02:57:14.813+08:00  INFO 65307 --- [demo2] [           main] o.apache.catalina.core.StandardService   : Starting service [Tomcat]
2025-05-28T02:57:14.813+08:00  INFO 65307 --- [demo2] [           main] o.apache.catalina.core.StandardEngine    : Starting Servlet engine: [Apache Tomcat/10.1.36]
2025-05-28T02:57:14.836+08:00  INFO 65307 --- [demo2] [           main] o.a.c.c.C.[Tomcat].[localhost].[/]       : Initializing Spring embedded WebApplicationContext
2025-05-28T02:57:14.837+08:00  INFO 65307 --- [demo2] [           main] w.s.c.ServletWebServerApplicationContext : Root WebApplicationContext: initialization completed in 1244 ms
 _ _   |_  _ _|_. ___ _ |    _ 
| | |\/|_)(_| | |_\  |_)||_|_\ 
     /               |         
                        3.5.9 
2025-05-28T02:57:15.378+08:00  WARN 65307 --- [demo2] [           main] c.b.m.core.injector.methods.Insert       : [com.example.demo.mapper.CommentCategoryMapper.insert] Has been loaded by XML or SqlProvider or Mybatis's Annotation, so ignoring this injection for [class com.baomidou.mybatisplus.core.injector.methods.Insert]
2025-05-28T02:57:15.383+08:00  WARN 65307 --- [demo2] [           main] c.b.m.core.injector.methods.Update       : [com.example.demo.mapper.CommentCategoryMapper.update] Has been loaded by XML or SqlProvider or Mybatis's Annotation, so ignoring this injection for [class com.baomidou.mybatisplus.core.injector.methods.Update]
2025-05-28T02:57:15.390+08:00  WARN 65307 --- [demo2] [           main] c.b.m.core.injector.methods.DeleteById   : [com.example.demo.mapper.CommentCategoryMapper.deleteById] Has been loaded by XML or SqlProvider or Mybatis's Annotation, so ignoring this injection for [class com.baomidou.mybatisplus.core.injector.methods.DeleteById]
2025-05-28T02:57:15.393+08:00  WARN 65307 --- [demo2] [           main] c.b.m.core.injector.methods.SelectById   : [com.example.demo.mapper.CommentCategoryMapper.selectById] Has been loaded by XML or SqlProvider or Mybatis's Annotation, so ignoring this injection for [class com.baomidou.mybatisplus.core.injector.methods.SelectById]
2025-05-28T02:57:16.003+08:00  INFO 65307 --- [demo2] [           main] o.s.m.s.b.SimpleBrokerMessageHandler     : Starting...
2025-05-28T02:57:16.004+08:00  INFO 65307 --- [demo2] [           main] o.s.m.s.b.SimpleBrokerMessageHandler     : BrokerAvailabilityEvent[available=true, SimpleBrokerMessageHandler [org.springframework.messaging.simp.broker.DefaultSubscriptionRegistry@4b4814d0]]
2025-05-28T02:57:16.005+08:00  INFO 65307 --- [demo2] [           main] o.s.m.s.b.SimpleBrokerMessageHandler     : Started.
2025-05-28T02:57:16.037+08:00  INFO 65307 --- [demo2] [           main] o.s.b.w.embedded.tomcat.TomcatWebServer  : Tomcat started on port 8080 (http) with context path '/'
2025-05-28T02:57:16.048+08:00  INFO 65307 --- [demo2] [           main] com.example.demo.Demo2Application        : Started Demo2Application in 3.004 seconds (process running for 3.489)
2025-05-28T02:57:57.863+08:00  INFO 65307 --- [demo2] [nio-8080-exec-1] o.a.c.c.C.[Tomcat].[localhost].[/]       : Initializing Spring DispatcherServlet 'dispatcherServlet'
2025-05-28T02:57:57.863+08:00  INFO 65307 --- [demo2] [nio-8080-exec-1] o.s.web.servlet.DispatcherServlet        : Initializing Servlet 'dispatcherServlet'
2025-05-28T02:57:57.864+08:00  INFO 65307 --- [demo2] [nio-8080-exec-1] o.s.web.servlet.DispatcherServlet        : Completed initialization in 1 ms
2025-05-28T02:57:57.916+08:00  INFO 65307 --- [demo2] [nio-8080-exec-1] com.zaxxer.hikari.HikariDataSource       : HikariPool-1 - Starting...
2025-05-28T02:57:58.334+08:00  INFO 65307 --- [demo2] [nio-8080-exec-1] com.zaxxer.hikari.pool.HikariPool        : HikariPool-1 - Added connection com.mysql.cj.jdbc.ConnectionImpl@21db84e2
2025-05-28T02:57:58.336+08:00  INFO 65307 --- [demo2] [nio-8080-exec-1] com.zaxxer.hikari.HikariDataSource       : HikariPool-1 - Start completed.
2025-05-28T02:58:16.003+08:00  INFO 65307 --- [demo2] [MessageBroker-1] o.s.w.s.c.WebSocketMessageBrokerStats    : WebSocketSession[0 current WS(0)-HttpStream(0)-HttpPoll(0), 0 total, 0 closed abnormally (0 connect failure, 0 send limit, 0 transport error)], stompSubProtocol[processed CONNECT(0)-CONNECTED(0)-DISCONNECT(0)], stompBrokerRelay[null], inboundChannel[pool size = 0, active threads = 0, queued tasks = 0, completed tasks = 0], outboundChannel[pool size = 0, active threads = 0, queued tasks = 0, completed tasks = 0], sockJsScheduler[pool size = 1, active threads = 1, queued tasks = 0, completed tasks = 0]
2025-05-28T03:18:44.730+08:00  WARN 65307 --- [demo2] [l-1 housekeeper] com.zaxxer.hikari.pool.HikariPool        : HikariPool-1 - Thread starvation or clock leap detected (housekeeper delta=16m16s341ms).
2025-05-28T04:23:55.882+08:00  WARN 65307 --- [demo2] [l-1 housekeeper] com.zaxxer.hikari.pool.HikariPool        : HikariPool-1 - Thread starvation or clock leap detected (housekeeper delta=1h5m11s153ms).
2025-05-28T04:41:46.747+08:00  WARN 65307 --- [demo2] [l-1 housekeeper] com.zaxxer.hikari.pool.HikariPool        : HikariPool-1 - Thread starvation or clock leap detected (housekeeper delta=17m50s865ms).
2025-05-28T05:03:15.389+08:00  WARN 65307 --- [demo2] [l-1 housekeeper] com.zaxxer.hikari.pool.HikariPool        : HikariPool-1 - Thread starvation or clock leap detected (housekeeper delta=21m28s642ms).
2025-05-28T06:04:06.475+08:00  WARN 65307 --- [demo2] [l-1 housekeeper] com.zaxxer.hikari.pool.HikariPool        : HikariPool-1 - Thread starvation or clock leap detected (housekeeper delta=1h51s86ms).
2025-05-28T07:05:27.599+08:00  WARN 65307 --- [demo2] [l-1 housekeeper] com.zaxxer.hikari.pool.HikariPool        : HikariPool-1 - Thread starvation or clock leap detected (housekeeper delta=1h51s120ms).
2025-05-28T07:58:55.767+08:00  WARN 65307 --- [demo2] [l-1 housekeeper] com.zaxxer.hikari.pool.HikariPool        : HikariPool-1 - Thread starvation or clock leap detected (housekeeper delta=53m28s168ms).
2025-05-28T08:06:17.186+08:00  WARN 65307 --- [demo2] [l-1 housekeeper] com.zaxxer.hikari.pool.HikariPool        : HikariPool-1 - Thread starvation or clock leap detected (housekeeper delta=6m51s417ms).
2025-05-28T08:24:22.353+08:00  WARN 65307 --- [demo2] [l-1 housekeeper] com.zaxxer.hikari.pool.HikariPool        : HikariPool-1 - Thread starvation or clock leap detected (housekeeper delta=18m5s167ms).
2025-05-28T09:06:59.488+08:00  WARN 65307 --- [demo2] [l-1 housekeeper] com.zaxxer.hikari.pool.HikariPool        : HikariPool-1 - Thread starvation or clock leap detected (housekeeper delta=42m37s135ms).
2025-05-28T09:35:43.372+08:00  WARN 65307 --- [demo2] [l-1 housekeeper] com.zaxxer.hikari.pool.HikariPool        : HikariPool-1 - Thread starvation or clock leap detected (housekeeper delta=28m13s876ms).
